
=====
RUN RENDER
=====

old _book/ removed
── Attaching core tidyverse packages ──────────────────────── tidyverse 2.0.0 ──
✔ dplyr     1.1.4     ✔ readr     2.1.5
✔ forcats   1.0.0     ✔ stringr   1.5.1
✔ ggplot2   3.5.1     ✔ tibble    3.2.1
✔ lubridate 1.9.3     ✔ tidyr     1.3.1
✔ purrr     1.0.2     
── Conflicts ────────────────────────────────────────── tidyverse_conflicts() ──
✖ dplyr::filter() masks stats::filter()
✖ dplyr::lag()    masks stats::lag()
ℹ Use the conflicted package (<http://conflicted.r-lib.org/>) to force all conflicts to become errors
! Using an auto-discovered, cached token.
  To suppress this message, modify your code or options to clearly consent to
  the use of a cached token.
  See gargle's "Non-interactive auth" vignette for more details:
  <https://gargle.r-lib.org/articles/non-interactive-auth.html>
ℹ The googlesheets4 package is using a cached token for
  'a.n.angelgardt@gmail.com'.
Auto-refreshing stale OAuth token.
✔ Reading from "Quiz // WLM SDAR".
✔ Range ''tags'!2:10000000'.
✔ Reading from "Quiz // WLM SDAR".
✔ Range ''quiz0'!3:10000000'.
[[1]]
NULL

no dev/sheet/get_sheet_jsons.R file{NC}
ERROR: Book chapter '_test_/teststyle.qmd' not found

Stack trace:
    at throwInputNotFound (file:///Applications/quarto/bin/quarto.js:90695:19)
    at findInputs (file:///Applications/quarto/bin/quarto.js:90726:17)
    at findInputs (file:///Applications/quarto/bin/quarto.js:90705:23)
    at eventLoopTick (ext:core/01_core.js:183:11)
    at async findChapters (file:///Applications/quarto/bin/quarto.js:90738:13)
    at async bookRenderItems (file:///Applications/quarto/bin/quarto.js:90741:5)
    at async Object.bookProjectConfig [as config] (file:///Applications/quarto/bin/quarto.js:90647:25)
    at async projectContext (file:///Applications/quarto/bin/quarto.js:72806:37)
    at async render (file:///Applications/quarto/bin/quarto.js:81784:19)
    at async Command.fn (file:///Applications/quarto/bin/quarto.js:81959:32)
